<?xml version="1.0" encoding="UTF-8"?>
<!-- Generated by org.testng.reporters.JUnitReportReporter -->
<testsuite skipped="0" hostname="DESKTOP-66SGQGC" name="com.testng.InvocationCountConcept" tests="30" failures="0" timestamp="21 Apr 2020 02:11:55 GMT" time="0.078" errors="0">
  <testcase name="createuserTest" time="0.004" classname="com.testng.InvocationCountConcept"/>
  <testcase name="createuserTest" time="0.002" classname="com.testng.InvocationCountConcept"/>
  <testcase name="searchTest" time="0.001" classname="com.testng.InvocationCountConcept"/>
  <testcase name="createuserTest" time="0.014" classname="com.testng.InvocationCountConcept"/>
  <testcase name="searchTest" time="0.007" classname="com.testng.InvocationCountConcept"/>
  <testcase name="createuserTest" time="0.002" classname="com.testng.InvocationCountConcept"/>
  <testcase name="createuserTest" time="0.002" classname="com.testng.InvocationCountConcept"/>
  <testcase name="createuserTest" time="0.001" classname="com.testng.InvocationCountConcept"/>
  <testcase name="createuserTest" time="0.002" classname="com.testng.InvocationCountConcept"/>
  <testcase name="searchTest" time="0.001" classname="com.testng.InvocationCountConcept"/>
  <testcase name="searchTest" time="0.002" classname="com.testng.InvocationCountConcept"/>
  <testcase name="createuserTest" time="0.002" classname="com.testng.InvocationCountConcept"/>
  <testcase name="searchTest" time="0.001" classname="com.testng.InvocationCountConcept"/>
  <testcase name="createuserTest" time="0.003" classname="com.testng.InvocationCountConcept"/>
  <testcase name="searchTest" time="0.001" classname="com.testng.InvocationCountConcept"/>
  <testcase name="createuserTest" time="0.001" classname="com.testng.InvocationCountConcept"/>
  <testcase name="createuserTest" time="0.000" classname="com.testng.InvocationCountConcept"/>
  <testcase name="createuserTest" time="0.000" classname="com.testng.InvocationCountConcept"/>
  <testcase name="searchTest" time="0.003" classname="com.testng.InvocationCountConcept"/>
  <testcase name="searchTest" time="0.004" classname="com.testng.InvocationCountConcept"/>
  <testcase name="createuserTest" time="0.002" classname="com.testng.InvocationCountConcept"/>
  <testcase name="searchTest" time="0.001" classname="com.testng.InvocationCountConcept"/>
  <testcase name="createuserTest" time="0.001" classname="com.testng.InvocationCountConcept"/>
  <testcase name="createuserTest" time="0.003" classname="com.testng.InvocationCountConcept"/>
  <testcase name="createuserTest" time="0.002" classname="com.testng.InvocationCountConcept"/>
  <testcase name="createuserTest" time="0.002" classname="com.testng.InvocationCountConcept"/>
  <testcase name="createuserTest" time="0.003" classname="com.testng.InvocationCountConcept"/>
  <testcase name="searchTest" time="0.002" classname="com.testng.InvocationCountConcept"/>
  <testcase name="createuserTest" time="0.004" classname="com.testng.InvocationCountConcept"/>
  <testcase name="createuserTest" time="0.005" classname="com.testng.InvocationCountConcept"/>
</testsuite> <!-- com.testng.InvocationCountConcept -->
