<?xml version="1.0" encoding="UTF-8"?>
<!-- Generated by org.testng.reporters.JUnitReportReporter -->
<testsuite skipped="0" hostname="DESKTOP-66SGQGC" name="com.testng.PriorityConceptTest" tests="5" failures="0" timestamp="21 Apr 2020 02:23:00 GMT" time="0.028" errors="0">
  <testcase name="btest" time="0.016" classname="com.testng.PriorityConceptTest"/>
  <testcase name="atest" time="0.002" classname="com.testng.PriorityConceptTest"/>
  <testcase name="etest" time="0.003" classname="com.testng.PriorityConceptTest"/>
  <testcase name="ctest" time="0.003" classname="com.testng.PriorityConceptTest"/>
  <testcase name="dtest" time="0.004" classname="com.testng.PriorityConceptTest"/>
</testsuite> <!-- com.testng.PriorityConceptTest -->
