<?xml version="1.0" encoding="UTF-8"?>
<!-- Generated by org.testng.reporters.JUnitReportReporter -->
<testsuite skipped="0" hostname="DESKTOP-66SGQGC" name="com.testng.TestNGWithSeleniumCase1" tests="3" failures="0" timestamp="21 Apr 2020 01:59:29 GMT" time="33.999" errors="0">
  <testcase name="titleTest" time="7.888" classname="com.testng.TestNGWithSeleniumCase1"/>
  <testcase name="urlCheck" time="10.269" classname="com.testng.TestNGWithSeleniumCase1"/>
  <testcase name="searchTest" time="15.842" classname="com.testng.TestNGWithSeleniumCase1"/>
</testsuite> <!-- com.testng.TestNGWithSeleniumCase1 -->
