<?xml version="1.0" encoding="UTF-8"?>
<!-- Generated by org.testng.reporters.JUnitReportReporter -->
<testsuite skipped="0" hostname="DESKTOP-66SGQGC" name="com.testng.DependsOn" tests="3" failures="0" timestamp="21 Apr 2020 02:30:33 GMT" time="0.037" errors="0">
  <testcase name="login" time="0.033" classname="com.testng.DependsOn"/>
  <testcase name="home" time="0.003" classname="com.testng.DependsOn"/>
  <testcase name="search" time="0.001" classname="com.testng.DependsOn"/>
</testsuite> <!-- com.testng.DependsOn -->
