<?xml version="1.0" encoding="UTF-8"?>
<!-- Generated by org.testng.reporters.JUnitReportReporter -->
<testsuite skipped="0" hostname="DESKTOP-66SGQGC" name="com.testng.ExpectedException" tests="1" failures="0" timestamp="23 Apr 2020 01:22:46 GMT" time="0.025" errors="0">
  <testcase name="test1" time="0.025" classname="com.testng.ExpectedException"/>
</testsuite> <!-- com.testng.ExpectedException -->
