<?xml version="1.0" encoding="UTF-8"?>
<!-- Generated by org.testng.reporters.JUnitReportReporter -->
<testsuite skipped="0" hostname="DESKTOP-66SGQGC" name="com.testng.ContactsTest" tests="2" failures="0" timestamp="23 Apr 2020 02:23:48 GMT" time="0.049" errors="0">
  <testcase name="createContactTest" time="0.046" classname="com.testng.ContactsTest"/>
  <testcase name="createContactTest" time="0.003" classname="com.testng.ContactsTest"/>
</testsuite> <!-- com.testng.ContactsTest -->
