<?xml version="1.0" encoding="UTF-8"?>
<!-- Generated by org.testng.reporters.JUnitReportReporter -->
<testsuite skipped="0" hostname="DESKTOP-66SGQGC" name="com.testng.TestNGAnnotations" tests="2" failures="0" timestamp="21 Apr 2020 01:40:47 GMT" time="0.011" errors="0">
  <testcase name="test2" time="0.004" classname="com.testng.TestNGAnnotations"/>
  <testcase name="test1" time="0.007" classname="com.testng.TestNGAnnotations"/>
</testsuite> <!-- com.testng.TestNGAnnotations -->
