<?xml version="1.0" encoding="UTF-8"?>
<!-- Generated by org.testng.reporters.JUnitReportReporter -->
<testsuite skipped="0" hostname="DESKTOP-66SGQGC" name="com.testng.HomeTest" tests="2" failures="0" timestamp="23 Apr 2020 02:23:48 GMT" time="0.019" errors="0">
  <testcase name="header" time="0.002" classname="com.testng.HomeTest"/>
  <testcase name="header" time="0.017" classname="com.testng.HomeTest"/>
</testsuite> <!-- com.testng.HomeTest -->
